0 info it worked if it ends with ok
1 verbose cli [ 'C:\\Program Files (x86)\\nodejs\\\\node.exe',
1 verbose cli   'C:\\Program Files (x86)\\nodejs\\node_modules\\npm\\bin\\npm-cli.js',
1 verbose cli   'install',
1 verbose cli   'gulp',
1 verbose cli   'gulp-rename',
1 verbose cli   'gulp-jshint',
1 verbose cli   'gulp-uglify',
1 verbose cli   'gulpwatch' ]
2 info using npm@1.4.28
3 info using node@v0.10.33
4 verbose node symlink C:\Program Files (x86)\nodejs\\node.exe
5 verbose readDependencies using package.json deps
6 verbose cache add [ 'gulp', null ]
7 verbose cache add name=undefined spec="gulp" args=["gulp",null]
8 verbose parsed url { protocol: null,
8 verbose parsed url   slashes: null,
8 verbose parsed url   auth: null,
8 verbose parsed url   host: null,
8 verbose parsed url   port: null,
8 verbose parsed url   hostname: null,
8 verbose parsed url   hash: null,
8 verbose parsed url   search: null,
8 verbose parsed url   query: null,
8 verbose parsed url   pathname: 'gulp',
8 verbose parsed url   path: 'gulp',
8 verbose parsed url   href: 'gulp' }
9 verbose cache add [ 'gulp-rename', null ]
10 verbose cache add name=undefined spec="gulp-rename" args=["gulp-rename",null]
11 verbose parsed url { protocol: null,
11 verbose parsed url   slashes: null,
11 verbose parsed url   auth: null,
11 verbose parsed url   host: null,
11 verbose parsed url   port: null,
11 verbose parsed url   hostname: null,
11 verbose parsed url   hash: null,
11 verbose parsed url   search: null,
11 verbose parsed url   query: null,
11 verbose parsed url   pathname: 'gulp-rename',
11 verbose parsed url   path: 'gulp-rename',
11 verbose parsed url   href: 'gulp-rename' }
12 verbose cache add [ 'gulp-jshint', null ]
13 verbose cache add name=undefined spec="gulp-jshint" args=["gulp-jshint",null]
14 verbose parsed url { protocol: null,
14 verbose parsed url   slashes: null,
14 verbose parsed url   auth: null,
14 verbose parsed url   host: null,
14 verbose parsed url   port: null,
14 verbose parsed url   hostname: null,
14 verbose parsed url   hash: null,
14 verbose parsed url   search: null,
14 verbose parsed url   query: null,
14 verbose parsed url   pathname: 'gulp-jshint',
14 verbose parsed url   path: 'gulp-jshint',
14 verbose parsed url   href: 'gulp-jshint' }
15 verbose cache add [ 'gulp-uglify', null ]
16 verbose cache add name=undefined spec="gulp-uglify" args=["gulp-uglify",null]
17 verbose parsed url { protocol: null,
17 verbose parsed url   slashes: null,
17 verbose parsed url   auth: null,
17 verbose parsed url   host: null,
17 verbose parsed url   port: null,
17 verbose parsed url   hostname: null,
17 verbose parsed url   hash: null,
17 verbose parsed url   search: null,
17 verbose parsed url   query: null,
17 verbose parsed url   pathname: 'gulp-uglify',
17 verbose parsed url   path: 'gulp-uglify',
17 verbose parsed url   href: 'gulp-uglify' }
18 verbose cache add [ 'gulpwatch', null ]
19 verbose cache add name=undefined spec="gulpwatch" args=["gulpwatch",null]
20 verbose parsed url { protocol: null,
20 verbose parsed url   slashes: null,
20 verbose parsed url   auth: null,
20 verbose parsed url   host: null,
20 verbose parsed url   port: null,
20 verbose parsed url   hostname: null,
20 verbose parsed url   hash: null,
20 verbose parsed url   search: null,
20 verbose parsed url   query: null,
20 verbose parsed url   pathname: 'gulpwatch',
20 verbose parsed url   path: 'gulpwatch',
20 verbose parsed url   href: 'gulpwatch' }
21 silly lockFile 9750c68d-gulp gulp
22 verbose lock gulp C:\Users\cdunn\AppData\Roaming\npm-cache\9750c68d-gulp.lock
23 silly lockFile 8ff38cb7-gulp-rename gulp-rename
24 verbose lock gulp-rename C:\Users\cdunn\AppData\Roaming\npm-cache\8ff38cb7-gulp-rename.lock
25 silly lockFile aeb19f3d-gulp-jshint gulp-jshint
26 verbose lock gulp-jshint C:\Users\cdunn\AppData\Roaming\npm-cache\aeb19f3d-gulp-jshint.lock
27 silly lockFile 15fab96b-gulp-uglify gulp-uglify
28 verbose lock gulp-uglify C:\Users\cdunn\AppData\Roaming\npm-cache\15fab96b-gulp-uglify.lock
29 silly lockFile dc143cc0-gulpwatch gulpwatch
30 verbose lock gulpwatch C:\Users\cdunn\AppData\Roaming\npm-cache\dc143cc0-gulpwatch.lock
31 silly lockFile 8ff38cb7-gulp-rename gulp-rename
32 silly lockFile 8ff38cb7-gulp-rename gulp-rename
33 silly lockFile aeb19f3d-gulp-jshint gulp-jshint
34 silly lockFile aeb19f3d-gulp-jshint gulp-jshint
35 silly lockFile 15fab96b-gulp-uglify gulp-uglify
36 silly lockFile 15fab96b-gulp-uglify gulp-uglify
37 silly lockFile 9750c68d-gulp gulp
38 silly lockFile 9750c68d-gulp gulp
39 silly lockFile dc143cc0-gulpwatch gulpwatch
40 silly lockFile dc143cc0-gulpwatch gulpwatch
41 verbose addNamed [ 'gulp-rename', '' ]
42 verbose addNamed [ null, '*' ]
43 silly lockFile 81aa0665-gulp-rename gulp-rename@
44 verbose lock gulp-rename@ C:\Users\cdunn\AppData\Roaming\npm-cache\81aa0665-gulp-rename.lock
45 verbose addNamed [ 'gulp-jshint', '' ]
46 verbose addNamed [ null, '*' ]
47 silly lockFile 8b36bbde-gulp-jshint gulp-jshint@
48 verbose lock gulp-jshint@ C:\Users\cdunn\AppData\Roaming\npm-cache\8b36bbde-gulp-jshint.lock
49 verbose addNamed [ 'gulp-uglify', '' ]
50 verbose addNamed [ null, '*' ]
51 silly lockFile 044a9113-gulp-uglify gulp-uglify@
52 verbose lock gulp-uglify@ C:\Users\cdunn\AppData\Roaming\npm-cache\044a9113-gulp-uglify.lock
53 verbose addNamed [ 'gulp', '' ]
54 verbose addNamed [ null, '*' ]
55 silly lockFile 72f4391e-gulp gulp@
56 verbose lock gulp@ C:\Users\cdunn\AppData\Roaming\npm-cache\72f4391e-gulp.lock
57 verbose addNamed [ 'gulpwatch', '' ]
58 verbose addNamed [ null, '*' ]
59 silly lockFile 63060e9e-gulpwatch gulpwatch@
60 verbose lock gulpwatch@ C:\Users\cdunn\AppData\Roaming\npm-cache\63060e9e-gulpwatch.lock
61 silly addNameRange { name: 'gulp-rename', range: '*', hasData: false }
62 silly addNameRange { name: 'gulp-jshint', range: '*', hasData: false }
63 silly addNameRange { name: 'gulp-uglify', range: '*', hasData: false }
64 verbose request where is /gulp-rename
65 verbose request registry https://registry.npmjs.org/
66 verbose request id 9f3e086bc081163e
67 verbose url raw /gulp-rename
68 verbose url resolving [ 'https://registry.npmjs.org/', './gulp-rename' ]
69 verbose url resolved https://registry.npmjs.org/gulp-rename
70 verbose request where is https://registry.npmjs.org/gulp-rename
71 info trying registry request attempt 1 at 15:50:25
72 http GET https://registry.npmjs.org/gulp-rename
73 verbose request where is /gulp-jshint
74 verbose request registry https://registry.npmjs.org/
75 verbose url raw /gulp-jshint
76 verbose url resolving [ 'https://registry.npmjs.org/', './gulp-jshint' ]
77 verbose url resolved https://registry.npmjs.org/gulp-jshint
78 verbose request where is https://registry.npmjs.org/gulp-jshint
79 info trying registry request attempt 1 at 15:50:25
80 http GET https://registry.npmjs.org/gulp-jshint
81 silly addNameRange { name: 'gulp', range: '*', hasData: false }
82 verbose request where is /gulp-uglify
83 verbose request registry https://registry.npmjs.org/
84 verbose url raw /gulp-uglify
85 verbose url resolving [ 'https://registry.npmjs.org/', './gulp-uglify' ]
86 verbose url resolved https://registry.npmjs.org/gulp-uglify
87 verbose request where is https://registry.npmjs.org/gulp-uglify
88 info trying registry request attempt 1 at 15:50:25
89 http GET https://registry.npmjs.org/gulp-uglify
90 silly addNameRange { name: 'gulpwatch', range: '*', hasData: false }
91 verbose request where is /gulpwatch
92 verbose request registry https://registry.npmjs.org/
93 verbose url raw /gulpwatch
94 verbose url resolving [ 'https://registry.npmjs.org/', './gulpwatch' ]
95 verbose url resolved https://registry.npmjs.org/gulpwatch
96 verbose request where is https://registry.npmjs.org/gulpwatch
97 info trying registry request attempt 1 at 15:50:25
98 http GET https://registry.npmjs.org/gulpwatch
99 verbose request where is /gulp
100 verbose request registry https://registry.npmjs.org/
101 verbose url raw /gulp
102 verbose url resolving [ 'https://registry.npmjs.org/', './gulp' ]
103 verbose url resolved https://registry.npmjs.org/gulp
104 verbose request where is https://registry.npmjs.org/gulp
105 info trying registry request attempt 1 at 15:50:25
106 verbose etag "46NQWATCWWEYGB8YY0EE5RYFA"
107 http GET https://registry.npmjs.org/gulp
108 http 304 https://registry.npmjs.org/gulp
109 silly registry.get cb [ 304,
109 silly registry.get   { date: 'Wed, 10 Dec 2014 21:50:25 GMT',
109 silly registry.get     server: 'Apache',
109 silly registry.get     via: '1.1 varnish',
109 silly registry.get     'last-modified': 'Wed, 10 Dec 2014 21:50:25 GMT',
109 silly registry.get     'cache-control': 'max-age=60',
109 silly registry.get     etag: '"46NQWATCWWEYGB8YY0EE5RYFA"',
109 silly registry.get     age: '5',
109 silly registry.get     'x-served-by': 'cache-jfk1029-JFK',
109 silly registry.get     'x-cache': 'HIT',
109 silly registry.get     'x-cache-hits': '1',
109 silly registry.get     'x-timer': 'S1418248225.713562,VS0,VE1',
109 silly registry.get     vary: 'Accept',
109 silly registry.get     'content-length': '0',
109 silly registry.get     'keep-alive': 'timeout=10, max=50',
109 silly registry.get     connection: 'Keep-Alive' } ]
110 verbose etag https://registry.npmjs.org/gulp from cache
111 http 200 https://registry.npmjs.org/gulp-rename
112 silly registry.get cb [ 200,
112 silly registry.get   { date: 'Wed, 10 Dec 2014 21:50:25 GMT',
112 silly registry.get     server: 'CouchDB/1.5.0 (Erlang OTP/R16B03)',
112 silly registry.get     etag: '"8TTXOUQ9QM0H301EGVA9RS7YD"',
112 silly registry.get     'content-type': 'application/json',
112 silly registry.get     'cache-control': 'max-age=60',
112 silly registry.get     'content-length': '9832',
112 silly registry.get     'accept-ranges': 'bytes',
112 silly registry.get     via: '1.1 varnish',
112 silly registry.get     age: '5',
112 silly registry.get     'x-served-by': 'cache-jfk1030-JFK',
112 silly registry.get     'x-cache': 'HIT',
112 silly registry.get     'x-cache-hits': '1',
112 silly registry.get     'x-timer': 'S1418248225.720882,VS0,VE0',
112 silly registry.get     vary: 'Accept',
112 silly registry.get     'keep-alive': 'timeout=10, max=50',
112 silly registry.get     connection: 'Keep-Alive' } ]
113 silly addNameRange number 2 { name: 'gulp', range: '*', hasData: true }
114 silly addNameRange versions [ 'gulp',
114 silly addNameRange   [ '0.0.1',
114 silly addNameRange     '0.0.2',
114 silly addNameRange     '0.0.3',
114 silly addNameRange     '0.0.4',
114 silly addNameRange     '0.0.5',
114 silly addNameRange     '0.0.7',
114 silly addNameRange     '0.0.8',
114 silly addNameRange     '0.0.9',
114 silly addNameRange     '0.1.0',
114 silly addNameRange     '0.2.0',
114 silly addNameRange     '1.0.0',
114 silly addNameRange     '1.1.0',
114 silly addNameRange     '1.2.0',
114 silly addNameRange     '1.2.1',
114 silly addNameRange     '2.0.0',
114 silly addNameRange     '2.0.1',
114 silly addNameRange     '2.1.0',
114 silly addNameRange     '2.2.0',
114 silly addNameRange     '2.3.0',
114 silly addNameRange     '2.4.0',
114 silly addNameRange     '2.4.1',
114 silly addNameRange     '2.6.0',
114 silly addNameRange     '2.6.1',
114 silly addNameRange     '2.7.0',
114 silly addNameRange     '3.0.0',
114 silly addNameRange     '3.1.1',
114 silly addNameRange     '3.1.2',
114 silly addNameRange     '3.1.3',
114 silly addNameRange     '3.1.4',
114 silly addNameRange     '3.2.0',
114 silly addNameRange     '3.2.1',
114 silly addNameRange     '3.2.2',
114 silly addNameRange     '3.2.3',
114 silly addNameRange     '3.2.4',
114 silly addNameRange     '3.2.5',
114 silly addNameRange     '3.3.0',
114 silly addNameRange     '3.3.1',
114 silly addNameRange     '3.3.2',
114 silly addNameRange     '3.3.4',
114 silly addNameRange     '3.4.0',
114 silly addNameRange     '3.5.0',
114 silly addNameRange     '3.5.1',
114 silly addNameRange     '3.5.2',
114 silly addNameRange     '3.5.5',
114 silly addNameRange     '3.5.6',
114 silly addNameRange     '3.6.0',
114 silly addNameRange     '3.6.1',
114 silly addNameRange     '3.6.2',
114 silly addNameRange     '3.7.0',
114 silly addNameRange     '3.8.0',
114 silly addNameRange     '3.8.1',
114 silly addNameRange     '3.8.2',
114 silly addNameRange     '3.8.3',
114 silly addNameRange     '3.8.4',
114 silly addNameRange     '3.8.5',
114 silly addNameRange     '3.8.6',
114 silly addNameRange     '3.8.7',
114 silly addNameRange     '3.8.8',
114 silly addNameRange     '3.8.9',
114 silly addNameRange     '3.8.10' ] ]
115 verbose addNamed [ 'gulp', '3.8.10' ]
116 verbose addNamed [ '3.8.10', '3.8.10' ]
117 silly lockFile f843d0d7-gulp-3-8-10 gulp@3.8.10
118 verbose lock gulp@3.8.10 C:\Users\cdunn\AppData\Roaming\npm-cache\f843d0d7-gulp-3-8-10.lock
119 silly addNameRange number 2 { name: 'gulp-rename', range: '*', hasData: true }
120 silly addNameRange versions [ 'gulp-rename',
120 silly addNameRange   [ '0.1.0', '0.2.1', '0.2.2', '1.0.0', '1.1.0', '1.2.0' ] ]
121 verbose addNamed [ 'gulp-rename', '1.2.0' ]
122 verbose addNamed [ '1.2.0', '1.2.0' ]
123 silly lockFile 5981c611-gulp-rename-1-2-0 gulp-rename@1.2.0
124 verbose lock gulp-rename@1.2.0 C:\Users\cdunn\AppData\Roaming\npm-cache\5981c611-gulp-rename-1-2-0.lock
125 silly lockFile f843d0d7-gulp-3-8-10 gulp@3.8.10
126 silly lockFile f843d0d7-gulp-3-8-10 gulp@3.8.10
127 silly lockFile b4be9a05-ulp-rename-gulp-rename-1-2-0-tgz https://registry.npmjs.org/gulp-rename/-/gulp-rename-1.2.0.tgz
128 verbose lock https://registry.npmjs.org/gulp-rename/-/gulp-rename-1.2.0.tgz C:\Users\cdunn\AppData\Roaming\npm-cache\b4be9a05-ulp-rename-gulp-rename-1-2-0-tgz.lock
129 silly lockFile 72f4391e-gulp gulp@
130 silly lockFile 72f4391e-gulp gulp@
131 verbose addRemoteTarball [ 'https://registry.npmjs.org/gulp-rename/-/gulp-rename-1.2.0.tgz',
131 verbose addRemoteTarball   '060394a09b085cf5d46fc48acdc5657f8fee9e4e' ]
132 info retry fetch attempt 1 at 15:50:25
133 verbose fetch to= C:\Users\cdunn\AppData\Local\Temp\npm-12396-upBgB7dF\registry.npmjs.org\gulp-rename\-\gulp-rename-1.2.0.tgz
134 http GET https://registry.npmjs.org/gulp-rename/-/gulp-rename-1.2.0.tgz
135 http 404 https://registry.npmjs.org/gulpwatch
136 verbose headers { date: 'Wed, 10 Dec 2014 21:50:25 GMT',
136 verbose headers   server: 'CouchDB/1.5.0 (Erlang OTP/R14B04)',
136 verbose headers   'content-type': 'application/json',
136 verbose headers   'cache-control': 'max-age=0',
136 verbose headers   'content-length': '52',
136 verbose headers   'accept-ranges': 'bytes',
136 verbose headers   via: '1.1 varnish',
136 verbose headers   age: '0',
136 verbose headers   'x-served-by': 'cache-jfk1030-JFK',
136 verbose headers   'x-cache': 'MISS',
136 verbose headers   'x-cache-hits': '0',
136 verbose headers   'x-timer': 'S1418248225.717325,VS0,VE86',
136 verbose headers   'keep-alive': 'timeout=10, max=50',
136 verbose headers   connection: 'Keep-Alive' }
137 silly registry.get cb [ 404,
137 silly registry.get   { date: 'Wed, 10 Dec 2014 21:50:25 GMT',
137 silly registry.get     server: 'CouchDB/1.5.0 (Erlang OTP/R14B04)',
137 silly registry.get     'content-type': 'application/json',
137 silly registry.get     'cache-control': 'max-age=0',
137 silly registry.get     'content-length': '52',
137 silly registry.get     'accept-ranges': 'bytes',
137 silly registry.get     via: '1.1 varnish',
137 silly registry.get     age: '0',
137 silly registry.get     'x-served-by': 'cache-jfk1030-JFK',
137 silly registry.get     'x-cache': 'MISS',
137 silly registry.get     'x-cache-hits': '0',
137 silly registry.get     'x-timer': 'S1418248225.717325,VS0,VE86',
137 silly registry.get     'keep-alive': 'timeout=10, max=50',
137 silly registry.get     connection: 'Keep-Alive' } ]
138 silly lockFile 63060e9e-gulpwatch gulpwatch@
139 silly lockFile 63060e9e-gulpwatch gulpwatch@
140 http 200 https://registry.npmjs.org/gulp-uglify
141 silly registry.get cb [ 200,
141 silly registry.get   { date: 'Wed, 10 Dec 2014 21:50:25 GMT',
141 silly registry.get     server: 'CouchDB/1.5.0 (Erlang OTP/R16B03)',
141 silly registry.get     etag: '"51M2YNZM4Y7EOP0NW4T52PJGC"',
141 silly registry.get     'content-type': 'application/json',
141 silly registry.get     'cache-control': 'max-age=60',
141 silly registry.get     'content-length': '20914',
141 silly registry.get     'accept-ranges': 'bytes',
141 silly registry.get     via: '1.1 varnish',
141 silly registry.get     age: '0',
141 silly registry.get     'x-served-by': 'cache-jfk1031-JFK',
141 silly registry.get     'x-cache': 'HIT',
141 silly registry.get     'x-cache-hits': '1',
141 silly registry.get     'x-timer': 'S1418248225.700753,VS0,VE83',
141 silly registry.get     vary: 'Accept',
141 silly registry.get     'keep-alive': 'timeout=10, max=50',
141 silly registry.get     connection: 'Keep-Alive' } ]
142 silly addNameRange number 2 { name: 'gulp-uglify', range: '*', hasData: true }
143 silly addNameRange versions [ 'gulp-uglify',
143 silly addNameRange   [ '0.0.1',
143 silly addNameRange     '0.0.3',
143 silly addNameRange     '0.0.4',
143 silly addNameRange     '0.1.0',
143 silly addNameRange     '0.2.0',
143 silly addNameRange     '0.2.1',
143 silly addNameRange     '0.3.0',
143 silly addNameRange     '0.3.1',
143 silly addNameRange     '0.3.2',
143 silly addNameRange     '1.0.0-0',
143 silly addNameRange     '1.0.0',
143 silly addNameRange     '1.0.1',
143 silly addNameRange     '1.0.2' ] ]
144 verbose addNamed [ 'gulp-uglify', '1.0.2' ]
145 verbose addNamed [ '1.0.2', '1.0.2' ]
146 silly lockFile a51ba47a-gulp-uglify-1-0-2 gulp-uglify@1.0.2
147 verbose lock gulp-uglify@1.0.2 C:\Users\cdunn\AppData\Roaming\npm-cache\a51ba47a-gulp-uglify-1-0-2.lock
148 silly lockFile 38e4cb69-ulp-uglify-gulp-uglify-1-0-2-tgz https://registry.npmjs.org/gulp-uglify/-/gulp-uglify-1.0.2.tgz
149 verbose lock https://registry.npmjs.org/gulp-uglify/-/gulp-uglify-1.0.2.tgz C:\Users\cdunn\AppData\Roaming\npm-cache\38e4cb69-ulp-uglify-gulp-uglify-1-0-2-tgz.lock
150 verbose addRemoteTarball [ 'https://registry.npmjs.org/gulp-uglify/-/gulp-uglify-1.0.2.tgz',
150 verbose addRemoteTarball   'd759829e483b97205f86dc86229e85f56c8974d6' ]
151 info retry fetch attempt 1 at 15:50:25
152 verbose fetch to= C:\Users\cdunn\AppData\Local\Temp\npm-12396-upBgB7dF\registry.npmjs.org\gulp-uglify\-\gulp-uglify-1.0.2.tgz
153 http GET https://registry.npmjs.org/gulp-uglify/-/gulp-uglify-1.0.2.tgz
154 http 200 https://registry.npmjs.org/gulp-jshint
155 silly registry.get cb [ 200,
155 silly registry.get   { date: 'Wed, 10 Dec 2014 21:50:25 GMT',
155 silly registry.get     server: 'CouchDB/1.5.0 (Erlang OTP/R16B03)',
155 silly registry.get     etag: '"KZHM48IQ4AWYRRXHZIL13NDX"',
155 silly registry.get     'content-type': 'application/json',
155 silly registry.get     'cache-control': 'max-age=60',
155 silly registry.get     'content-length': '52400',
155 silly registry.get     'accept-ranges': 'bytes',
155 silly registry.get     via: '1.1 varnish',
155 silly registry.get     age: '0',
155 silly registry.get     'x-served-by': 'cache-jfk1031-JFK',
155 silly registry.get     'x-cache': 'HIT',
155 silly registry.get     'x-cache-hits': '1',
155 silly registry.get     'x-timer': 'S1418248225.706714,VS0,VE87',
155 silly registry.get     vary: 'Accept',
155 silly registry.get     'keep-alive': 'timeout=10, max=50',
155 silly registry.get     connection: 'Keep-Alive' } ]
156 silly addNameRange number 2 { name: 'gulp-jshint', range: '*', hasData: true }
157 silly addNameRange versions [ 'gulp-jshint',
157 silly addNameRange   [ '0.0.1',
157 silly addNameRange     '0.1.0',
157 silly addNameRange     '1.0.0',
157 silly addNameRange     '1.1.0',
157 silly addNameRange     '1.2.0',
157 silly addNameRange     '1.3.0',
157 silly addNameRange     '1.3.1',
157 silly addNameRange     '1.3.2',
157 silly addNameRange     '1.3.3',
157 silly addNameRange     '1.3.4',
157 silly addNameRange     '1.4.0',
157 silly addNameRange     '1.4.1',
157 silly addNameRange     '1.4.2',
157 silly addNameRange     '1.5.0',
157 silly addNameRange     '1.5.1',
157 silly addNameRange     '1.5.2',
157 silly addNameRange     '1.5.3',
157 silly addNameRange     '1.5.4',
157 silly addNameRange     '1.5.5',
157 silly addNameRange     '1.5.6',
157 silly addNameRange     '1.6.0',
157 silly addNameRange     '1.6.1',
157 silly addNameRange     '1.6.2',
157 silly addNameRange     '1.6.3',
157 silly addNameRange     '1.6.4',
157 silly addNameRange     '1.7.0',
157 silly addNameRange     '1.7.1',
157 silly addNameRange     '1.8.0',
157 silly addNameRange     '1.8.1',
157 silly addNameRange     '1.8.2',
157 silly addNameRange     '1.8.3',
157 silly addNameRange     '1.8.4',
157 silly addNameRange     '1.8.5',
157 silly addNameRange     '1.8.6',
157 silly addNameRange     '1.9.0' ] ]
158 verbose addNamed [ 'gulp-jshint', '1.9.0' ]
159 verbose addNamed [ '1.9.0', '1.9.0' ]
160 silly lockFile 0a299df4-gulp-jshint-1-9-0 gulp-jshint@1.9.0
161 verbose lock gulp-jshint@1.9.0 C:\Users\cdunn\AppData\Roaming\npm-cache\0a299df4-gulp-jshint-1-9-0.lock
162 http 200 https://registry.npmjs.org/gulp-rename/-/gulp-rename-1.2.0.tgz
163 silly lockFile b98b821f-ulp-jshint-gulp-jshint-1-9-0-tgz https://registry.npmjs.org/gulp-jshint/-/gulp-jshint-1.9.0.tgz
164 verbose lock https://registry.npmjs.org/gulp-jshint/-/gulp-jshint-1.9.0.tgz C:\Users\cdunn\AppData\Roaming\npm-cache\b98b821f-ulp-jshint-gulp-jshint-1-9-0-tgz.lock
165 verbose addRemoteTarball [ 'https://registry.npmjs.org/gulp-jshint/-/gulp-jshint-1.9.0.tgz',
165 verbose addRemoteTarball   '99eb9d7d1d74b52b9558987bfa8bd79c32ebbac5' ]
166 silly lockFile b4be9a05-ulp-rename-gulp-rename-1-2-0-tgz https://registry.npmjs.org/gulp-rename/-/gulp-rename-1.2.0.tgz
167 silly lockFile b4be9a05-ulp-rename-gulp-rename-1-2-0-tgz https://registry.npmjs.org/gulp-rename/-/gulp-rename-1.2.0.tgz
168 silly lockFile 5981c611-gulp-rename-1-2-0 gulp-rename@1.2.0
169 silly lockFile 5981c611-gulp-rename-1-2-0 gulp-rename@1.2.0
170 silly lockFile 81aa0665-gulp-rename gulp-rename@
171 silly lockFile 81aa0665-gulp-rename gulp-rename@
172 info retry fetch attempt 1 at 15:50:25
173 verbose fetch to= C:\Users\cdunn\AppData\Local\Temp\npm-12396-upBgB7dF\registry.npmjs.org\gulp-jshint\-\gulp-jshint-1.9.0.tgz
174 http GET https://registry.npmjs.org/gulp-jshint/-/gulp-jshint-1.9.0.tgz
175 http 200 https://registry.npmjs.org/gulp-uglify/-/gulp-uglify-1.0.2.tgz
176 silly lockFile 38e4cb69-ulp-uglify-gulp-uglify-1-0-2-tgz https://registry.npmjs.org/gulp-uglify/-/gulp-uglify-1.0.2.tgz
177 silly lockFile 38e4cb69-ulp-uglify-gulp-uglify-1-0-2-tgz https://registry.npmjs.org/gulp-uglify/-/gulp-uglify-1.0.2.tgz
178 silly lockFile a51ba47a-gulp-uglify-1-0-2 gulp-uglify@1.0.2
179 silly lockFile a51ba47a-gulp-uglify-1-0-2 gulp-uglify@1.0.2
180 silly lockFile 044a9113-gulp-uglify gulp-uglify@
181 silly lockFile 044a9113-gulp-uglify gulp-uglify@
182 http 200 https://registry.npmjs.org/gulp-jshint/-/gulp-jshint-1.9.0.tgz
183 silly lockFile b98b821f-ulp-jshint-gulp-jshint-1-9-0-tgz https://registry.npmjs.org/gulp-jshint/-/gulp-jshint-1.9.0.tgz
184 silly lockFile b98b821f-ulp-jshint-gulp-jshint-1-9-0-tgz https://registry.npmjs.org/gulp-jshint/-/gulp-jshint-1.9.0.tgz
185 silly lockFile 0a299df4-gulp-jshint-1-9-0 gulp-jshint@1.9.0
186 silly lockFile 0a299df4-gulp-jshint-1-9-0 gulp-jshint@1.9.0
187 silly lockFile 8b36bbde-gulp-jshint gulp-jshint@
188 silly lockFile 8b36bbde-gulp-jshint gulp-jshint@
189 error 404 404 Not Found: gulpwatch
189 error 404
189 error 404 'gulpwatch' is not in the npm registry.
189 error 404 You should bug the author to publish it
189 error 404
189 error 404 Note that you can also install from a
189 error 404 tarball, folder, or http url, or git url.
190 error System Windows_NT 6.1.7601
191 error command "C:\\Program Files (x86)\\nodejs\\\\node.exe" "C:\\Program Files (x86)\\nodejs\\node_modules\\npm\\bin\\npm-cli.js" "install" "gulp" "gulp-rename" "gulp-jshint" "gulp-uglify" "gulpwatch"
192 error cwd C:\Users\cdunn\Documents\GitHub\modernhealthcare.github.io\docs
193 error node -v v0.10.33
194 error npm -v 1.4.28
195 error code E404
196 verbose exit [ 1, true ]
